-------------------------------------------------------------------------------
Test set: com.redhat.gpe.training.osgi.test.BindyDataFormatCsvTest
-------------------------------------------------------------------------------
Tests run: 1, Failures: 0, Errors: 1, Skipped: 0, Time elapsed: 3.52 sec <<< FAILURE! - in com.redhat.gpe.training.osgi.test.BindyDataFormatCsvTest
testMarshal(com.redhat.gpe.training.osgi.test.BindyDataFormatCsvTest)  Time elapsed: 3.51 sec  <<< ERROR!
java.lang.RuntimeException: URL [mvn:org.apache.karaf/apache-karaf/2.3.0.redhat-610379/tar.gz] could not be resolved.
	at org.ops4j.pax.url.mvn.internal.Connection.getInputStream(Connection.java:195)
	at java.net.URL.openStream(URL.java:1038)
	at org.ops4j.pax.exam.karaf.container.internal.ArchiveExtractor.extractTarGzDistribution(ArchiveExtractor.java:81)
	at org.ops4j.pax.exam.karaf.container.internal.ArchiveExtractor.extract(ArchiveExtractor.java:70)
	at org.ops4j.pax.exam.karaf.container.internal.KarafTestContainer.start(KarafTestContainer.java:134)
	at org.ops4j.pax.exam.spi.reactors.AllConfinedStagedReactor.invoke(AllConfinedStagedReactor.java:79)
	at org.ops4j.pax.exam.junit.impl.ProbeRunner$2.evaluate(ProbeRunner.java:278)
	at org.junit.runners.ParentRunner.runLeaf(ParentRunner.java:271)
	at org.junit.runners.BlockJUnit4ClassRunner.runChild(BlockJUnit4ClassRunner.java:70)
	at org.junit.runners.BlockJUnit4ClassRunner.runChild(BlockJUnit4ClassRunner.java:50)
	at org.junit.runners.ParentRunner$3.run(ParentRunner.java:238)
	at org.junit.runners.ParentRunner$1.schedule(ParentRunner.java:63)
	at org.junit.runners.ParentRunner.runChildren(ParentRunner.java:236)
	at org.junit.runners.ParentRunner.access$000(ParentRunner.java:53)
	at org.junit.runners.ParentRunner$2.evaluate(ParentRunner.java:229)
	at org.junit.runners.ParentRunner.run(ParentRunner.java:309)
	at org.ops4j.pax.exam.junit.impl.ProbeRunner.run(ProbeRunner.java:112)
	at org.ops4j.pax.exam.junit.PaxExam.run(PaxExam.java:93)
	at org.apache.maven.surefire.junit4.JUnit4Provider.execute(JUnit4Provider.java:283)
	at org.apache.maven.surefire.junit4.JUnit4Provider.executeWithRerun(JUnit4Provider.java:173)
	at org.apache.maven.surefire.junit4.JUnit4Provider.executeTestSet(JUnit4Provider.java:153)
	at org.apache.maven.surefire.junit4.JUnit4Provider.invoke(JUnit4Provider.java:128)
	at org.apache.maven.surefire.booter.ForkedBooter.invokeProviderInSameClassLoader(ForkedBooter.java:203)
	at org.apache.maven.surefire.booter.ForkedBooter.runSuitesInProcess(ForkedBooter.java:155)
	at org.apache.maven.surefire.booter.ForkedBooter.main(ForkedBooter.java:103)

