<?xml version="1.0" encoding="UTF-8"?>
<testsuite name="com.redhat.gpe.training.osgi.test.BindyDataFormatCsvTest" time="3.51" tests="1" errors="1" skipped="0" failures="0">
  <properties>
[...]
</properties>
  <testcase name="testMarshal" classname="com.redhat.gpe.training.osgi.test.BindyDataFormatCsvTest" time="3.51">
    <error message="URL [mvn:org.apache.karaf/apache-karaf/2.3.0.redhat-610379/tar.gz] could not be resolved." type="java.lang.RuntimeException">java.lang.RuntimeException: URL [mvn:org.apache.karaf/apache-karaf/2.3.0.redhat-610379/tar.gz] could not be resolved.
	at org.ops4j.pax.url.mvn.internal.Connection.getInputStream(Connection.java:195)
	at java.net.URL.openStream(URL.java:1038)
	at org.ops4j.pax.exam.karaf.container.internal.ArchiveExtractor.extractTarGzDistribution(ArchiveExtractor.java:81)
	at org.ops4j.pax.exam.karaf.container.internal.ArchiveExtractor.extract(ArchiveExtractor.java:70)
	at org.ops4j.pax.exam.karaf.container.internal.KarafTestContainer.start(KarafTestContainer.java:134)
	at org.ops4j.pax.exam.spi.reactors.AllConfinedStagedReactor.invoke(AllConfinedStagedReactor.java:79)
	at org.ops4j.pax.exam.junit.impl.ProbeRunner$2.evaluate(ProbeRunner.java:278)
	at org.junit.runners.ParentRunner.runLeaf(ParentRunner.java:271)
	at org.junit.runners.BlockJUnit4ClassRunner.runChild(BlockJUnit4ClassRunner.java:70)
	at org.junit.runners.BlockJUnit4ClassRunner.runChild(BlockJUnit4ClassRunner.java:50)
	at org.junit.runners.ParentRunner$3.run(ParentRunner.java:238)
	at org.junit.runners.ParentRunner$1.schedule(ParentRunner.java:63)
	at org.junit.runners.ParentRunner.runChildren(ParentRunner.java:236)
	at org.junit.runners.ParentRunner.access$000(ParentRunner.java:53)
	at org.junit.runners.ParentRunner$2.evaluate(ParentRunner.java:229)
	at org.junit.runners.ParentRunner.run(ParentRunner.java:309)
	at org.ops4j.pax.exam.junit.impl.ProbeRunner.run(ProbeRunner.java:112)
	at org.ops4j.pax.exam.junit.PaxExam.run(PaxExam.java:93)
	at org.apache.maven.surefire.junit4.JUnit4Provider.execute(JUnit4Provider.java:283)
	at org.apache.maven.surefire.junit4.JUnit4Provider.executeWithRerun(JUnit4Provider.java:173)
	at org.apache.maven.surefire.junit4.JUnit4Provider.executeTestSet(JUnit4Provider.java:153)
	at org.apache.maven.surefire.junit4.JUnit4Provider.invoke(JUnit4Provider.java:128)
	at org.apache.maven.surefire.booter.ForkedBooter.invokeProviderInSameClassLoader(ForkedBooter.java:203)
	at org.apache.maven.surefire.booter.ForkedBooter.runSuitesInProcess(ForkedBooter.java:155)
	at org.apache.maven.surefire.booter.ForkedBooter.main(ForkedBooter.java:103)
</error>
    <system-out><![CDATA[2015-11-16 11:08:52,609 [main           ] INFO  DefaultExamSystem              - Pax Exam System (Version: 3.5.0) created.
2015-11-16 11:08:52,648 [main           ] INFO  ProbeRunner                    - creating PaxExam runner for class com.redhat.gpe.training.osgi.test.BindyDataFormatCsvTest
2015-11-16 11:08:52,706 [main           ] INFO  ProbeRunner                    - creating PaxExam runner for class com.redhat.gpe.training.osgi.test.BindyDataFormatCsvTest
2015-11-16 11:08:52,713 [main           ] INFO  ProbeRunner                    - running test class com.redhat.gpe.training.osgi.test.BindyDataFormatCsvTest
]]></system-out>
    <system-err><![CDATA[SLF4J: Class path contains multiple SLF4J bindings.
SLF4J: Found binding in [jar:file:/home/kkakarla/.m2/repository/org/slf4j/slf4j-log4j12/1.6.6/slf4j-log4j12-1.6.6.jar!/org/slf4j/impl/StaticLoggerBinder.class]
SLF4J: Found binding in [jar:file:/home/kkakarla/.m2/repository/org/apache/karaf/org.apache.karaf.client/2.3.0.redhat-610379/org.apache.karaf.client-2.3.0.redhat-610379.jar!/org/slf4j/impl/StaticLoggerBinder.class]
SLF4J: Found binding in [jar:file:/home/kkakarla/.m2/repository/org/slf4j/slf4j-simple/1.6.6/slf4j-simple-1.6.6.jar!/org/slf4j/impl/StaticLoggerBinder.class]
SLF4J: Found binding in [jar:file:/home/kkakarla/.m2/repository/org/ops4j/pax/logging/pax-logging-api/1.7.2/pax-logging-api-1.7.2.jar!/org/slf4j/impl/StaticLoggerBinder.class]
SLF4J: See http://www.slf4j.org/codes.html#multiple_bindings for an explanation.
SLF4J: Actual binding is of type [org.slf4j.impl.Log4jLoggerFactory]
]]></system-err>
  </testcase>
</testsuite>